<?xml version="1.0" encoding="UTF-8"?>
<testng-results skipped="0" failed="0" ignored="0" total="2" passed="2">
  <reporter-output>
  </reporter-output>
  <suite name="Default suite" duration-ms="11995" started-at="2017-07-30T05:56:30Z" finished-at="2017-07-30T05:56:42Z">
    <groups>
    </groups>
    <test name="Default test" duration-ms="11995" started-at="2017-07-30T05:56:30Z" finished-at="2017-07-30T05:56:42Z">
      <class name="seleniumBasicWithTestNG.ParallelExecution">
        <test-method status="PASS" signature="setUp()[pri:0, instance:seleniumBasicWithTestNG.ParallelExecution@7ac7a4e4]" name="setUp" is-config="true" duration-ms="172" started-at="2017-07-30T11:26:30Z" finished-at="2017-07-30T11:26:30Z">
          <reporter-output>
          </reporter-output>
        </test-method> <!-- setUp -->
        <test-method status="PASS" signature="openBing()[pri:0, instance:seleniumBasicWithTestNG.ParallelExecution@7ac7a4e4]" name="openBing" duration-ms="5824" started-at="2017-07-30T11:26:30Z" finished-at="2017-07-30T11:26:36Z">
          <reporter-output>
          </reporter-output>
        </test-method> <!-- openBing -->
        <test-method status="PASS" signature="openGoogle()[pri:0, instance:seleniumBasicWithTestNG.ParallelExecution@7ac7a4e4]" name="openGoogle" duration-ms="6171" started-at="2017-07-30T11:26:36Z" finished-at="2017-07-30T11:26:42Z">
          <reporter-output>
          </reporter-output>
        </test-method> <!-- openGoogle -->
        <test-method status="PASS" signature="afterSuite()[pri:0, instance:seleniumBasicWithTestNG.ParallelExecution@7ac7a4e4]" name="afterSuite" is-config="true" duration-ms="32" started-at="2017-07-30T11:26:42Z" finished-at="2017-07-30T11:26:42Z">
          <reporter-output>
          </reporter-output>
        </test-method> <!-- afterSuite -->
      </class> <!-- seleniumBasicWithTestNG.ParallelExecution -->
    </test> <!-- Default test -->
  </suite> <!-- Default suite -->
</testng-results>
