<?xml version="1.0" encoding="UTF-8"?>
<!-- Generated by org.testng.reporters.JUnitXMLReporter -->
<testsuite hostname="D-1" ignored="0" name="Mutliple test cases" tests="4" failures="0" timestamp="22 Jul 2017 06:32:00 GMT" time="44.635" errors="0">
  <testcase name="openGoogle" time="6.601" classname="seleniumBasicWithTestNG.OpenGoogleWithTestNG"/>
  <testcase name="openBing" time="0.937" classname="seleniumBasicWithTestNG.OptimisedMultipleTests"/>
  <testcase name="openGoogle" time="3.045" classname="seleniumBasicWithTestNG.OptimisedMultipleTests"/>
  <testcase name="openYahoo" time="34.009" classname="seleniumBasicWithTestNG.OptimisedMultipleTests"/>
</testsuite> <!-- Mutliple test cases -->
